{"/project/adif-to-json/src/AdifToJsonConverter.js": {"path":"/project/adif-to-json/src/AdifToJsonConverter.js","statementMap":{"0":{"start":{"line":3,"column":4},"end":{"line":3,"column":33}},"1":{"start":{"line":7,"column":4},"end":{"line":9,"column":5}},"2":{"start":{"line":8,"column":6},"end":{"line":8,"column":16}},"3":{"start":{"line":11,"column":22},"end":{"line":11,"column":74}},"4":{"start":{"line":12,"column":4},"end":{"line":12,"column":27}},"5":{"start":{"line":13,"column":24},"end":{"line":13,"column":26}},"6":{"start":{"line":15,"column":4},"end":{"line":25,"column":5}},"7":{"start":{"line":15,"column":17},"end":{"line":15,"column":18}},"8":{"start":{"line":16,"column":25},"end":{"line":16,"column":37}},"9":{"start":{"line":17,"column":25},"end":{"line":17,"column":27}},"10":{"start":{"line":18,"column":21},"end":{"line":18,"column":42}},"11":{"start":{"line":19,"column":6},"end":{"line":23,"column":7}},"12":{"start":{"line":19,"column":19},"end":{"line":19,"column":20}},"13":{"start":{"line":20,"column":22},"end":{"line":20,"column":59}},"14":{"start":{"line":21,"column":22},"end":{"line":21,"column":52}},"15":{"start":{"line":22,"column":8},"end":{"line":22,"column":34}},"16":{"start":{"line":24,"column":6},"end":{"line":24,"column":35}},"17":{"start":{"line":26,"column":4},"end":{"line":26,"column":23}},"18":{"start":{"line":29,"column":0},"end":{"line":29,"column":37}}},"fnMap":{"0":{"name":"(anonymous_0)","decl":{"start":{"line":2,"column":2},"end":{"line":2,"column":3}},"loc":{"start":{"line":2,"column":26},"end":{"line":4,"column":3}},"line":2},"1":{"name":"(anonymous_1)","decl":{"start":{"line":6,"column":2},"end":{"line":6,"column":3}},"loc":{"start":{"line":6,"column":12},"end":{"line":27,"column":3}},"line":6}},"branchMap":{"0":{"loc":{"start":{"line":7,"column":4},"end":{"line":9,"column":5}},"type":"if","locations":[{"start":{"line":7,"column":4},"end":{"line":9,"column":5}},{"start":{},"end":{}}],"line":7},"1":{"loc":{"start":{"line":7,"column":8},"end":{"line":7,"column":51}},"type":"binary-expr","locations":[{"start":{"line":7,"column":8},"end":{"line":7,"column":24}},{"start":{"line":7,"column":28},"end":{"line":7,"column":51}}],"line":7}},"s":{"0":5,"1":5,"2":1,"3":4,"4":4,"5":4,"6":4,"7":4,"8":7,"9":7,"10":7,"11":7,"12":7,"13":13,"14":13,"15":13,"16":7,"17":4,"18":1},"f":{"0":5,"1":5},"b":{"0":[1,4],"1":[5,4]},"_coverageSchema":"1a1c01bbd47fc00a2c39e90264f33305004495a9","hash":"1f549715e2a55605b25c3452a07965b0abd4355f"}
}
